<?xml version="1.0" encoding="UTF-8"?>
<testng-results skipped="0" failed="0" ignored="0" total="1" passed="1">
  <reporter-output>
  </reporter-output>
  <suite name="Suite" duration-ms="3055" started-at="2020-06-07T19:27:27Z" finished-at="2020-06-07T19:27:30Z">
    <groups>
    </groups>
    <test name="Test" duration-ms="3055" started-at="2020-06-07T19:27:27Z" finished-at="2020-06-07T19:27:30Z">
      <class name="com.xml_bean_config.AutomateEdgeBrowser">
        <test-method status="PASS" signature="TestEdgeBrowser()[pri:0, instance:com.xml_bean_config.AutomateEdgeBrowser@4678c730]" name="TestEdgeBrowser" duration-ms="3023" started-at="2020-06-07T15:27:27Z" finished-at="2020-06-07T15:27:30Z">
          <reporter-output>
          </reporter-output>
        </test-method> <!-- TestEdgeBrowser -->
      </class> <!-- com.xml_bean_config.AutomateEdgeBrowser -->
    </test> <!-- Test -->
  </suite> <!-- Suite -->
</testng-results>
